Flutter crash report; please file at https://github.com/flutter/flutter/issues.

## command

flutter packages get

## exception

YamlException: Error on line 38, column 3: Expected ':'.
  # An image asset can refer to one or more resolution-specific "variants", see
  ^

```
#0      Scanner._staleSimpleKeys (package:yaml/src/scanner.dart:491)
#1      Scanner._fetchMoreTokens (package:yaml/src/scanner.dart:325)
#2      Scanner.peek (package:yaml/src/scanner.dart:317)
#3      Parser._parseBlockSequenceEntry (package:yaml/src/parser.dart:355)
#4      Parser._stateMachine (package:yaml/src/parser.dart:77)
#5      Parser.parse (package:yaml/src/parser.dart:47)
#6      Loader._loadSequence (package:yaml/src/loader.dart:142)
#7      Loader._loadNode (package:yaml/src/loader.dart:84)
#8      Loader._loadMapping (package:yaml/src/loader.dart:165)
#9      Loader._loadNode (package:yaml/src/loader.dart:86)
#10     Loader._loadMapping (package:yaml/src/loader.dart:165)
#11     Loader._loadNode (package:yaml/src/loader.dart:86)
#12     Loader._loadDocument (package:yaml/src/loader.dart:62)
#13     Loader.load (package:yaml/src/loader.dart:54)
#14     loadYamlDocument (package:yaml/yaml.dart:51)
#15     loadYamlNode (package:yaml/yaml.dart:42)
#16     loadYaml (package:yaml/yaml.dart:34)
#17     _pluginFromPubspec (package:flutter_tools/src/plugins.dart:52)
#18     _findPlugins.<anonymous closure> (package:flutter_tools/src/plugins.dart:75)
#19     _HashVMBase&MapMixin&&_LinkedHashMapMixin.forEach (dart:collection-patch/dart:collection/compact_hash.dart:363)
#20     _findPlugins (package:flutter_tools/src/plugins.dart:73)
#21     injectPlugins (package:flutter_tools/src/plugins.dart:234)
#22     FlutterProject.ensureReadyForPlatformSpecificTooling (package:flutter_tools/src/project.dart:62)
#23     PackagesGetCommand.runCommand (package:flutter_tools/src/commands/packages.dart:85)
<asynchronous suspension>
#24     FlutterCommand.verifyThenRunCommand (package:flutter_tools/src/runner/flutter_command.dart:344)
<asynchronous suspension>
#25     FlutterCommand.run.<anonymous closure> (package:flutter_tools/src/runner/flutter_command.dart:279)
<asynchronous suspension>
#26     AppContext.run.<anonymous closure> (package:flutter_tools/src/base/context.dart:142)
<asynchronous suspension>
#27     _rootRun (dart:async/zone.dart:1126)
#28     _CustomZone.run (dart:async/zone.dart:1023)
#29     runZoned (dart:async/zone.dart:1501)
#30     AppContext.run (package:flutter_tools/src/base/context.dart:141)
<asynchronous suspension>
#31     FlutterCommand.run (package:flutter_tools/src/runner/flutter_command.dart:270)
#32     CommandRunner.runCommand (package:args/command_runner.dart:194)
<asynchronous suspension>
#33     FlutterCommandRunner.runCommand.<anonymous closure> (package:flutter_tools/src/runner/flutter_command_runner.dart:309)
<asynchronous suspension>
#34     AppContext.run.<anonymous closure> (package:flutter_tools/src/base/context.dart:142)
<asynchronous suspension>
#35     _rootRun (dart:async/zone.dart:1126)
#36     _CustomZone.run (dart:async/zone.dart:1023)
#37     runZoned (dart:async/zone.dart:1501)
#38     AppContext.run (package:flutter_tools/src/base/context.dart:141)
<asynchronous suspension>
#39     FlutterCommandRunner.runCommand (package:flutter_tools/src/runner/flutter_command_runner.dart:265)
<asynchronous suspension>
#40     CommandRunner.run.<anonymous closure> (package:args/command_runner.dart:109)
#41     new Future.sync (dart:async/future.dart:222)
#42     CommandRunner.run (package:args/command_runner.dart:109)
#43     FlutterCommandRunner.run (package:flutter_tools/src/runner/flutter_command_runner.dart:174)
#44     run.<anonymous closure> (package:flutter_tools/runner.dart:54)
<asynchronous suspension>
#45     AppContext.run.<anonymous closure> (package:flutter_tools/src/base/context.dart:142)
<asynchronous suspension>
#46     _rootRun (dart:async/zone.dart:1126)
#47     _CustomZone.run (dart:async/zone.dart:1023)
#48     runZoned (dart:async/zone.dart:1501)
#49     AppContext.run (package:flutter_tools/src/base/context.dart:141)
<asynchronous suspension>
#50     runInContext (package:flutter_tools/src/context_runner.dart:43)
<asynchronous suspension>
#51     run (package:flutter_tools/runner.dart:49)
#52     main (package:flutter_tools/executable.dart:49)
<asynchronous suspension>
#53     main (file:///home/dope_vector/Software/flutter/packages/flutter_tools/bin/flutter_tools.dart:8)
#54     _startIsolate.<anonymous closure> (dart:isolate-patch/dart:isolate/isolate_patch.dart:277)
#55     _RawReceivePortImpl._handleMessage (dart:isolate-patch/dart:isolate/isolate_patch.dart:165)
```

## flutter doctor

```
[✓] Flutter (Channel beta, v0.4.4, on Linux, locale en_US.UTF-8)
    • Flutter version 0.4.4 at /home/dope_vector/Software/flutter
    • Framework revision f9bb4289e9 (7 weeks ago), 2018-05-11 21:44:54 -0700
    • Engine revision 06afdfe54e
    • Dart version 2.0.0-dev.54.0.flutter-46ab040e58

[✓] Android toolchain - develop for Android devices (Android SDK 27.0.3)
    • Android SDK at /home/dope_vector/Android/Sdk
    • Android NDK location not configured (optional; useful for native profiling support)
    • Platform android-27, build-tools 27.0.3
    • Java binary at: /home/dope_vector/android-studio/jre/bin/java
    • Java version OpenJDK Runtime Environment (build 1.8.0_152-release-915-b01)
    • All Android licenses accepted.

[✓] Android Studio (version 3.0)
    • Android Studio at /home/dope_vector/android-studio
    • Flutter plugin version 23.2.1
    • Dart plugin version 171.4424
    • Java version OpenJDK Runtime Environment (build 1.8.0_152-release-915-b01)

[!] VS Code (version 1.24.1)
    • VS Code at /usr/share/code
    • Dart Code extension not installed; install from
      https://marketplace.visualstudio.com/items?itemName=Dart-Code.dart-code

[✓] Connected devices (1 available)
    • Android SDK built for x86 • emulator-5554 • android-x86 • Android P (API 27) (emulator)

! Doctor found issues in 1 category.
```
